2023-12-20 04:17:50,138 - INFO - CPU Temperature: 67°C
2023-12-20 04:17:50,138 - INFO - AC Status: On Battery
2023-12-20 04:17:50,142 - ERROR - Error executing Ryzenadj: pcilib: Cannot open /sys/bus/pci/devices/0000:00:00.0/config
pcilib: Cannot open /sys/bus/pci/devices/0000:00:00.0/config
pcilib: Cannot open /sys/bus/pci/devices/0000:00:00.0/config
pcilib: Cannot open /sys/bus/pci/devices/0000:00:00.0/config
pcilib: Cannot open /sys/bus/pci/devices/0000:00:00.0/config

2023-12-20 04:17:55,195 - INFO - CPU Temperature: 67°C
2023-12-20 04:17:55,196 - INFO - AC Status: On Battery
2023-12-20 04:17:55,202 - ERROR - Error executing Ryzenadj: pcilib: Cannot open /sys/bus/pci/devices/0000:00:00.0/config
pcilib: Cannot open /sys/bus/pci/devices/0000:00:00.0/config
pcilib: Cannot open /sys/bus/pci/devices/0000:00:00.0/config
pcilib: Cannot open /sys/bus/pci/devices/0000:00:00.0/config
pcilib: Cannot open /sys/bus/pci/devices/0000:00:00.0/config

2023-12-20 04:18:05,064 - INFO - CPU Temperature: 67°C
2023-12-20 04:18:05,065 - INFO - AC Status: On Battery
2023-12-20 04:18:05,075 - INFO - Ryzen Limits: stapm-limit: 15.000 | STAPM VALUE: 15.022 | fast-limit: 30.000 | PPT VALUE FAST: 15.339 | slow-limit: 15.000 | PPT VALUE SLOW: 15.003 | 
2023-12-20 04:18:10,170 - INFO - CPU Temperature: 67°C
2023-12-20 04:18:10,171 - INFO - AC Status: On Battery
2023-12-20 04:18:10,190 - INFO - Ryzen Limits: stapm-limit: 15.000 | STAPM VALUE: 14.962 | fast-limit: 30.000 | PPT VALUE FAST: 14.336 | slow-limit: 15.000 | PPT VALUE SLOW: 14.995 | 
2024-01-03 18:02:27,191 - INFO - CPU Temperature: 70°C
2024-01-03 18:02:27,191 - INFO - AC Status: Plugged In
2024-01-03 18:02:32,202 - INFO - CPU Temperature: 70°C
2024-01-03 18:02:32,202 - INFO - AC Status: Plugged In
2024-01-03 18:02:37,211 - INFO - CPU Temperature: 70°C
2024-01-03 18:02:37,212 - INFO - AC Status: Plugged In
2024-01-03 18:02:42,220 - INFO - CPU Temperature: 70°C
2024-01-03 18:02:42,221 - INFO - AC Status: Plugged In
2024-01-03 18:02:47,229 - INFO - CPU Temperature: 70°C
2024-01-03 18:02:47,229 - INFO - AC Status: Plugged In
2024-01-03 18:02:52,239 - INFO - CPU Temperature: 70°C
2024-01-03 18:02:52,239 - INFO - AC Status: Plugged In
2024-01-03 18:02:57,248 - INFO - CPU Temperature: 70°C
2024-01-03 18:02:57,249 - INFO - AC Status: Plugged In
2024-01-03 18:03:02,257 - INFO - CPU Temperature: 70°C
2024-01-03 18:03:02,257 - INFO - AC Status: Plugged In
2024-01-03 18:03:07,265 - INFO - CPU Temperature: 70°C
2024-01-03 18:03:07,266 - INFO - AC Status: Plugged In
2024-01-03 18:03:12,274 - INFO - CPU Temperature: 70°C
2024-01-03 18:03:12,275 - INFO - AC Status: Plugged In
2024-01-03 18:03:17,283 - INFO - CPU Temperature: 70°C
2024-01-03 18:03:17,283 - INFO - AC Status: Plugged In
2024-01-03 18:03:22,292 - INFO - CPU Temperature: 70°C
2024-01-03 18:03:22,293 - INFO - AC Status: Plugged In
2024-01-03 18:03:27,303 - INFO - CPU Temperature: 70°C
2024-01-03 18:03:27,303 - INFO - AC Status: Plugged In
2024-01-03 18:03:32,311 - INFO - CPU Temperature: 70°C
2024-01-03 18:03:32,312 - INFO - AC Status: Plugged In
2024-01-03 18:03:34,034 - INFO - CPU Temperature: 70°C
2024-01-03 18:03:34,034 - INFO - AC Status: Plugged In
2024-01-03 18:03:39,044 - INFO - CPU Temperature: 70°C
2024-01-03 18:03:39,045 - INFO - AC Status: Plugged In
2024-01-03 18:03:44,055 - INFO - CPU Temperature: 70°C
2024-01-03 18:03:44,055 - INFO - AC Status: Plugged In
